# JRE version: OpenJDK Runtime Environment (21.0.2+13) (build 21.0.2+13-58)
# Java VM: OpenJDK 64-Bit Server VM (21.0.2+13-58, mixed mode, sharing, tiered, compressed oops, compressed class ptrs, g1 gc, windows-amd64)
GC Precious Log:
 CardTable entry size: 512
 Card Set container configuration: InlinePtr #cards 4 size 8 Array Of Cards #cards 16 size 48 Howl #buckets 8 coarsen threshold 3686 Howl Bitmap #cards 512 size 80 coarsen threshold 460 Card regions per heap region 1 cards per card region 4096
 CPUs: 8 total, 8 available
 Memory: 16103M
 Large Page Support: Disabled
 NUMA Support: Disabled
 Compressed Oops: Enabled (Zero based)
 Heap Region Size: 2M
 Heap Min Capacity: 8M
 Heap Initial Capacity: 252M
 Heap Max Capacity: 4026M
 Pre-touch: Disabled
 Parallel Workers: 8
 Concurrent Workers: 2
 Concurrent Refinement Workers: 8
 Periodic GC: Disabled
Heap:
 garbage-first heap   total 212992K, used 79821K [0x0000000704600000, 0x0000000800000000)
  region size 2048K, 19 young (38912K), 3 survivors (6144K)
 Metaspace       used 67670K, committed 68416K, reserved 1114112K
  class space    used 8953K, committed 9280K, reserved 1048576K
GC Heap History (20 events):
Event: 3.163 GC heap before
{Heap before GC invocations=6 (full 0):
 garbage-first heap   total 61440K, used 31839K [0x0000000704600000, 0x0000000800000000)
  region size 2048K, 9 young (18432K), 2 survivors (4096K)
 Metaspace       used 35522K, committed 36096K, reserved 1114112K
  class space    used 4581K, committed 4864K, reserved 1048576K
}
Event: 3.166 GC heap after
{Heap after GC invocations=7 (full 0):
 garbage-first heap   total 159744K, used 20092K [0x0000000704600000, 0x0000000800000000)
  region size 2048K, 2 young (4096K), 2 survivors (4096K)
 Metaspace       used 35522K, committed 36096K, reserved 1114112K
  class space    used 4581K, committed 4864K, reserved 1048576K
}
Event: 4.133 GC heap before
{Heap before GC invocations=8 (full 0):
 garbage-first heap   total 81920K, used 65148K [0x0000000704600000, 0x0000000800000000)
  region size 2048K, 24 young (49152K), 2 survivors (4096K)
 Metaspace       used 51690K, committed 52288K, reserved 1114112K
  class space    used 6622K, committed 6912K, reserved 1048576K
}
Event: 4.138 GC heap after
{Heap after GC invocations=9 (full 0):
 garbage-first heap   total 81920K, used 23584K [0x0000000704600000, 0x0000000800000000)
  region size 2048K, 3 young (6144K), 3 survivors (6144K)
 Metaspace       used 51690K, committed 52288K, reserved 1114112K
  class space    used 6622K, committed 6912K, reserved 1048576K
}
Event: 4.664 GC heap before
{Heap before GC invocations=9 (full 0):
 garbage-first heap   total 81920K, used 52256K [0x0000000704600000, 0x0000000800000000)
  region size 2048K, 18 young (36864K), 3 survivors (6144K)
 Metaspace       used 59931K, committed 60480K, reserved 1114112K
  class space    used 7946K, committed 8192K, reserved 1048576K
}
Event: 4.670 GC heap after
{Heap after GC invocations=10 (full 0):
 garbage-first heap   total 81920K, used 26000K [0x0000000704600000, 0x0000000800000000)
  region size 2048K, 2 young (4096K), 2 survivors (4096K)
 Metaspace       used 59931K, committed 60480K, reserved 1114112K
  class space    used 7946K, committed 8192K, reserved 1048576K
}
Event: 4.701 GC heap before
{Heap before GC invocations=10 (full 0):
 garbage-first heap   total 81920K, used 26000K [0x0000000704600000, 0x0000000800000000)
  region size 2048K, 3 young (6144K), 2 survivors (4096K)
 Metaspace       used 60229K, committed 60800K, reserved 1114112K
  class space    used 7984K, committed 8256K, reserved 1048576K
}
Event: 4.703 GC heap after
{Heap after GC invocations=11 (full 0):
 garbage-first heap   total 81920K, used 25830K [0x0000000704600000, 0x0000000800000000)
  region size 2048K, 2 young (4096K), 2 survivors (4096K)
 Metaspace       used 60229K, committed 60800K, reserved 1114112K
  class space    used 7984K, committed 8256K, reserved 1048576K
}
Event: 5.334 GC heap before
{Heap before GC invocations=12 (full 0):
 garbage-first heap   total 81920K, used 64742K [0x0000000704600000, 0x0000000800000000)
  region size 2048K, 22 young (45056K), 2 survivors (4096K)
 Metaspace       used 65584K, committed 66240K, reserved 1114112K
  class space    used 8710K, committed 8960K, reserved 1048576K
}
Event: 5.340 GC heap after
{Heap after GC invocations=13 (full 0):
 garbage-first heap   total 81920K, used 31459K [0x0000000704600000, 0x0000000800000000)
  region size 2048K, 3 young (6144K), 3 survivors (6144K)
 Metaspace       used 65584K, committed 66240K, reserved 1114112K
  class space    used 8710K, committed 8960K, reserved 1048576K
}
Event: 5.447 GC heap before
{Heap before GC invocations=13 (full 0):
 garbage-first heap   total 81920K, used 68323K [0x0000000704600000, 0x0000000800000000)
  region size 2048K, 21 young (43008K), 3 survivors (6144K)
 Metaspace       used 65727K, committed 66432K, reserved 1114112K
  class space    used 8719K, committed 9024K, reserved 1048576K
}
Event: 5.458 GC heap after
{Heap after GC invocations=14 (full 0):
 garbage-first heap   total 86016K, used 40960K [0x0000000704600000, 0x0000000800000000)
  region size 2048K, 3 young (6144K), 3 survivors (6144K)
 Metaspace       used 65727K, committed 66432K, reserved 1114112K
  class space    used 8719K, committed 9024K, reserved 1048576K
}
Event: 5.538 GC heap before
{Heap before GC invocations=14 (full 0):
 garbage-first heap   total 86016K, used 67584K [0x0000000704600000, 0x0000000800000000)
  region size 2048K, 17 young (34816K), 3 survivors (6144K)
 Metaspace       used 65807K, committed 66560K, reserved 1114112K
  class space    used 8724K, committed 9024K, reserved 1048576K
}
Event: 5.544 GC heap after
{Heap after GC invocations=15 (full 0):
 garbage-first heap   total 86016K, used 47312K [0x0000000704600000, 0x0000000800000000)
  region size 2048K, 3 young (6144K), 3 survivors (6144K)
 Metaspace       used 65807K, committed 66560K, reserved 1114112K
  class space    used 8724K, committed 9024K, reserved 1048576K
}
Event: 5.617 GC heap before
{Heap before GC invocations=15 (full 0):
 garbage-first heap   total 86016K, used 69840K [0x0000000704600000, 0x0000000800000000)
  region size 2048K, 14 young (28672K), 3 survivors (6144K)
 Metaspace       used 65882K, committed 66560K, reserved 1114112K
  class space    used 8729K, committed 9024K, reserved 1048576K
}
Event: 5.618 GC heap after
{Heap after GC invocations=16 (full 0):
 garbage-first heap   total 86016K, used 45275K [0x0000000704600000, 0x0000000800000000)
  region size 2048K, 2 young (4096K), 2 survivors (4096K)
 Metaspace       used 65882K, committed 66560K, reserved 1114112K
  class space    used 8729K, committed 9024K, reserved 1048576K
}
Event: 5.695 GC heap before
{Heap before GC invocations=17 (full 0):
 garbage-first heap   total 106496K, used 69851K [0x0000000704600000, 0x0000000800000000)
  region size 2048K, 15 young (30720K), 2 survivors (4096K)
 Metaspace       used 65901K, committed 66560K, reserved 1114112K
  class space    used 8729K, committed 9024K, reserved 1048576K
}
Event: 5.699 GC heap after
{Heap after GC invocations=18 (full 0):
 garbage-first heap   total 106496K, used 49439K [0x0000000704600000, 0x0000000800000000)
  region size 2048K, 2 young (4096K), 2 survivors (4096K)
 Metaspace       used 65901K, committed 66560K, reserved 1114112K
  class space    used 8729K, committed 9024K, reserved 1048576K
}
Event: 5.800 GC heap before
{Heap before GC invocations=18 (full 0):
 garbage-first heap   total 106496K, used 84255K [0x0000000704600000, 0x0000000800000000)
  region size 2048K, 20 young (40960K), 2 survivors (4096K)
 Metaspace       used 65936K, committed 66624K, reserved 1114112K
  class space    used 8729K, committed 9024K, reserved 1048576K
}
Event: 5.810 GC heap after
{Heap after GC invocations=19 (full 0):
 garbage-first heap   total 212992K, used 51149K [0x0000000704600000, 0x0000000800000000)
  region size 2048K, 3 young (6144K), 3 survivors (6144K)
 Metaspace       used 65936K, committed 66624K, reserved 1114112K
  class space    used 8729K, committed 9024K, reserved 1048576K
}

