# JRE version: OpenJDK Runtime Environment (21.0.2+13) (build 21.0.2+13-58)
# Java VM: OpenJDK 64-Bit Server VM (21.0.2+13-58, mixed mode, sharing, tiered, compressed oops, compressed class ptrs, g1 gc, windows-amd64)
GC Precious Log:
 CardTable entry size: 512
 Card Set container configuration: InlinePtr #cards 4 size 8 Array Of Cards #cards 16 size 48 Howl #buckets 8 coarsen threshold 3686 Howl Bitmap #cards 512 size 80 coarsen threshold 460 Card regions per heap region 1 cards per card region 4096
 CPUs: 8 total, 8 available
 Memory: 16103M
 Large Page Support: Disabled
 NUMA Support: Disabled
 Compressed Oops: Enabled (Zero based)
 Heap Region Size: 2M
 Heap Min Capacity: 8M
 Heap Initial Capacity: 252M
 Heap Max Capacity: 4026M
 Pre-touch: Disabled
 Parallel Workers: 8
 Concurrent Workers: 2
 Concurrent Refinement Workers: 8
 Periodic GC: Disabled
Heap:
 garbage-first heap   total 102400K, used 52962K [0x0000000704600000, 0x0000000800000000)
  region size 2048K, 15 young (30720K), 4 survivors (8192K)
 Metaspace       used 65767K, committed 66496K, reserved 1114112K
  class space    used 8722K, committed 9024K, reserved 1048576K
GC Heap History (20 events):
Event: 0.584 GC heap before
{Heap before GC invocations=0 (full 0):
 garbage-first heap   total 258048K, used 20480K [0x0000000704600000, 0x0000000800000000)
  region size 2048K, 11 young (22528K), 0 survivors (0K)
 Metaspace       used 6030K, committed 6208K, reserved 1114112K
  class space    used 680K, committed 768K, reserved 1048576K
}
Event: 0.588 GC heap after
{Heap after GC invocations=1 (full 0):
 garbage-first heap   total 258048K, used 7761K [0x0000000704600000, 0x0000000800000000)
  region size 2048K, 2 young (4096K), 2 survivors (4096K)
 Metaspace       used 6030K, committed 6208K, reserved 1114112K
  class space    used 680K, committed 768K, reserved 1048576K
}
Event: 0.976 GC heap before
{Heap before GC invocations=1 (full 0):
 garbage-first heap   total 258048K, used 32337K [0x0000000704600000, 0x0000000800000000)
  region size 2048K, 15 young (30720K), 2 survivors (4096K)
 Metaspace       used 13293K, committed 13504K, reserved 1114112K
  class space    used 1584K, committed 1664K, reserved 1048576K
}
Event: 0.980 GC heap after
{Heap after GC invocations=2 (full 0):
 garbage-first heap   total 258048K, used 10367K [0x0000000704600000, 0x0000000800000000)
  region size 2048K, 2 young (4096K), 2 survivors (4096K)
 Metaspace       used 13293K, committed 13504K, reserved 1114112K
  class space    used 1584K, committed 1664K, reserved 1048576K
}
Event: 1.718 GC heap before
{Heap before GC invocations=2 (full 0):
 garbage-first heap   total 258048K, used 57471K [0x0000000704600000, 0x0000000800000000)
  region size 2048K, 26 young (53248K), 2 survivors (4096K)
 Metaspace       used 21269K, committed 21504K, reserved 1114112K
  class space    used 2556K, committed 2688K, reserved 1048576K
}
Event: 1.724 GC heap after
{Heap after GC invocations=3 (full 0):
 garbage-first heap   total 258048K, used 14811K [0x0000000704600000, 0x0000000800000000)
  region size 2048K, 4 young (8192K), 4 survivors (8192K)
 Metaspace       used 21269K, committed 21504K, reserved 1114112K
  class space    used 2556K, committed 2688K, reserved 1048576K
}
Event: 2.355 GC heap before
{Heap before GC invocations=4 (full 0):
 garbage-first heap   total 61440K, used 43483K [0x0000000704600000, 0x0000000800000000)
  region size 2048K, 18 young (36864K), 4 survivors (8192K)
 Metaspace       used 26185K, committed 26624K, reserved 1114112K
  class space    used 3258K, committed 3456K, reserved 1048576K
}
Event: 2.362 GC heap after
{Heap after GC invocations=5 (full 0):
 garbage-first heap   total 61440K, used 17740K [0x0000000704600000, 0x0000000800000000)
  region size 2048K, 2 young (4096K), 2 survivors (4096K)
 Metaspace       used 26185K, committed 26624K, reserved 1114112K
  class space    used 3258K, committed 3456K, reserved 1048576K
}
Event: 2.890 GC heap before
{Heap before GC invocations=5 (full 0):
 garbage-first heap   total 61440K, used 42316K [0x0000000704600000, 0x0000000800000000)
  region size 2048K, 15 young (30720K), 2 survivors (4096K)
 Metaspace       used 31708K, committed 32192K, reserved 1114112K
  class space    used 3985K, committed 4224K, reserved 1048576K
}
Event: 2.895 GC heap after
{Heap after GC invocations=6 (full 0):
 garbage-first heap   total 61440K, used 19816K [0x0000000704600000, 0x0000000800000000)
  region size 2048K, 2 young (4096K), 2 survivors (4096K)
 Metaspace       used 31708K, committed 32192K, reserved 1114112K
  class space    used 3985K, committed 4224K, reserved 1048576K
}
Event: 3.143 GC heap before
{Heap before GC invocations=6 (full 0):
 garbage-first heap   total 61440K, used 32104K [0x0000000704600000, 0x0000000800000000)
  region size 2048K, 9 young (18432K), 2 survivors (4096K)
 Metaspace       used 35556K, committed 36096K, reserved 1114112K
  class space    used 4585K, committed 4864K, reserved 1048576K
}
Event: 3.145 GC heap after
{Heap after GC invocations=7 (full 0):
 garbage-first heap   total 61440K, used 20690K [0x0000000704600000, 0x0000000800000000)
  region size 2048K, 1 young (2048K), 1 survivors (2048K)
 Metaspace       used 35556K, committed 36096K, reserved 1114112K
  class space    used 4585K, committed 4864K, reserved 1048576K
}
Event: 3.818 GC heap before
{Heap before GC invocations=8 (full 0):
 garbage-first heap   total 61440K, used 47314K [0x0000000704600000, 0x0000000800000000)
  region size 2048K, 14 young (28672K), 1 survivors (2048K)
 Metaspace       used 46760K, committed 47360K, reserved 1114112K
  class space    used 6049K, committed 6336K, reserved 1048576K
}
Event: 3.821 GC heap after
{Heap after GC invocations=9 (full 0):
 garbage-first heap   total 159744K, used 23277K [0x0000000704600000, 0x0000000800000000)
  region size 2048K, 2 young (4096K), 2 survivors (4096K)
 Metaspace       used 46760K, committed 47360K, reserved 1114112K
  class space    used 6049K, committed 6336K, reserved 1048576K
}
Event: 4.562 GC heap before
{Heap before GC invocations=9 (full 0):
 garbage-first heap   total 159744K, used 66285K [0x0000000704600000, 0x0000000800000000)
  region size 2048K, 25 young (51200K), 2 survivors (4096K)
 Metaspace       used 59865K, committed 60416K, reserved 1114112K
  class space    used 7936K, committed 8192K, reserved 1048576K
}
Event: 4.568 GC heap after
{Heap after GC invocations=10 (full 0):
 garbage-first heap   total 159744K, used 25560K [0x0000000704600000, 0x0000000800000000)
  region size 2048K, 4 young (8192K), 4 survivors (8192K)
 Metaspace       used 59865K, committed 60416K, reserved 1114112K
  class space    used 7936K, committed 8192K, reserved 1048576K
}
Event: 4.598 GC heap before
{Heap before GC invocations=10 (full 0):
 garbage-first heap   total 159744K, used 25560K [0x0000000704600000, 0x0000000800000000)
  region size 2048K, 5 young (10240K), 4 survivors (8192K)
 Metaspace       used 60112K, committed 60736K, reserved 1114112K
  class space    used 7967K, committed 8256K, reserved 1048576K
}
Event: 4.603 GC heap after
{Heap after GC invocations=11 (full 0):
 garbage-first heap   total 159744K, used 26088K [0x0000000704600000, 0x0000000800000000)
  region size 2048K, 4 young (8192K), 4 survivors (8192K)
 Metaspace       used 60112K, committed 60736K, reserved 1114112K
  class space    used 7967K, committed 8256K, reserved 1048576K
}
Event: 5.382 GC heap before
{Heap before GC invocations=12 (full 0):
 garbage-first heap   total 102400K, used 77288K [0x0000000704600000, 0x0000000800000000)
  region size 2048K, 30 young (61440K), 4 survivors (8192K)
 Metaspace       used 65719K, committed 66368K, reserved 1114112K
  class space    used 8719K, committed 9024K, reserved 1048576K
}
Event: 5.391 GC heap after
{Heap after GC invocations=13 (full 0):
 garbage-first heap   total 102400K, used 34530K [0x0000000704600000, 0x0000000800000000)
  region size 2048K, 4 young (8192K), 4 survivors (8192K)
 Metaspace       used 65719K, committed 66368K, reserved 1114112K
  class space    used 8719K, committed 9024K, reserved 1048576K
}

